<?xml version="1.0" encoding="UTF-8"?>
<coverage generated="1495502975359" clover="3.2.0">
  <project timestamp="1495502975360" name="All files">
    <metrics statements="119" coveredstatements="88" conditionals="71" coveredconditionals="57" methods="32" coveredmethods="18" elements="222" coveredelements="163" complexity="0" loc="119" ncloc="119" packages="8" files="11" classes="11">
      <package name="src">
        <metrics statements="5" coveredstatements="0" conditionals="4" coveredconditionals="0" methods="1" coveredmethods="0"/>
        <file name="index.js" path="/Users/jstewart/Development/wearthisrunning/client/src/index.js">
          <metrics statements="5" coveredstatements="0" conditionals="4" coveredconditionals="0" methods="1" coveredmethods="0"/>
          <line num="1" count="0" type="stmt"/>
          <line num="2" count="0" type="stmt"/>
          <line num="3" count="0" type="stmt"/>
          <line num="4" count="0" type="cond" truecount="0" falsecount="4"/>
          <line num="6" count="0" type="stmt"/>
        </file>
      </package>
      <package name="src.components.AddressInput">
        <metrics statements="2" coveredstatements="2" conditionals="0" coveredconditionals="0" methods="2" coveredmethods="2"/>
        <file name="index.js" path="/Users/jstewart/Development/wearthisrunning/client/src/components/AddressInput/index.js">
          <metrics statements="2" coveredstatements="2" conditionals="0" coveredconditionals="0" methods="2" coveredmethods="2"/>
          <line num="5" count="4" type="stmt"/>
          <line num="10" count="1" type="stmt"/>
        </file>
      </package>
      <package name="src.components.App">
        <metrics statements="19" coveredstatements="5" conditionals="6" coveredconditionals="0" methods="8" coveredmethods="1"/>
        <file name="index.js" path="/Users/jstewart/Development/wearthisrunning/client/src/components/App/index.js">
          <metrics statements="19" coveredstatements="5" conditionals="6" coveredconditionals="0" methods="8" coveredmethods="1"/>
          <line num="25" count="0" type="stmt"/>
          <line num="29" count="0" type="stmt"/>
          <line num="30" count="0" type="stmt"/>
          <line num="37" count="0" type="stmt"/>
          <line num="43" count="0" type="stmt"/>
          <line num="44" count="0" type="stmt"/>
          <line num="45" count="0" type="stmt"/>
          <line num="50" count="0" type="cond" truecount="0" falsecount="2"/>
          <line num="51" count="0" type="stmt"/>
          <line num="53" count="0" type="stmt"/>
          <line num="59" count="0" type="cond" truecount="0" falsecount="2"/>
          <line num="60" count="0" type="stmt"/>
          <line num="68" count="0" type="stmt"/>
          <line num="70" count="0" type="stmt"/>
          <line num="76" count="2" type="stmt"/>
          <line num="77" count="2" type="stmt"/>
          <line num="78" count="2" type="stmt"/>
          <line num="79" count="2" type="stmt"/>
          <line num="81" count="2" type="stmt"/>
        </file>
      </package>
      <package name="src.components.ApparelList">
        <metrics statements="4" coveredstatements="4" conditionals="2" coveredconditionals="2" methods="2" coveredmethods="2"/>
        <file name="index.js" path="/Users/jstewart/Development/wearthisrunning/client/src/components/ApparelList/index.js">
          <metrics statements="4" coveredstatements="4" conditionals="2" coveredconditionals="2" methods="2" coveredmethods="2"/>
          <line num="6" count="2" type="cond" truecount="2" falsecount="0"/>
          <line num="7" count="1" type="stmt"/>
          <line num="8" count="3" type="stmt"/>
          <line num="12" count="2" type="stmt"/>
        </file>
      </package>
      <package name="src.components.ConditionList">
        <metrics statements="4" coveredstatements="4" conditionals="2" coveredconditionals="2" methods="2" coveredmethods="2"/>
        <file name="index.js" path="/Users/jstewart/Development/wearthisrunning/client/src/components/ConditionList/index.js">
          <metrics statements="4" coveredstatements="4" conditionals="2" coveredconditionals="2" methods="2" coveredmethods="2"/>
          <line num="6" count="2" type="cond" truecount="2" falsecount="0"/>
          <line num="7" count="1" type="stmt"/>
          <line num="8" count="3" type="stmt"/>
          <line num="12" count="2" type="stmt"/>
        </file>
      </package>
      <package name="src.components.ForecastSelect">
        <metrics statements="13" coveredstatements="13" conditionals="8" coveredconditionals="8" methods="4" coveredmethods="4"/>
        <file name="index.js" path="/Users/jstewart/Development/wearthisrunning/client/src/components/ForecastSelect/index.js">
          <metrics statements="13" coveredstatements="13" conditionals="8" coveredconditionals="8" methods="4" coveredmethods="4"/>
          <line num="9" count="6" type="stmt"/>
          <line num="10" count="6" type="stmt"/>
          <line num="11" count="6" type="cond" truecount="2" falsecount="0"/>
          <line num="12" count="1" type="stmt"/>
          <line num="14" count="5" type="cond" truecount="2" falsecount="0"/>
          <line num="15" count="1" type="stmt"/>
          <line num="17" count="4" type="stmt"/>
          <line num="22" count="4" type="cond" truecount="4" falsecount="0"/>
          <line num="23" count="2" type="stmt"/>
          <line num="24" count="6" type="stmt"/>
          <line num="28" count="2" type="stmt"/>
          <line num="31" count="1" type="stmt"/>
          <line num="38" count="4" type="stmt"/>
        </file>
      </package>
      <package name="src.components.LocationList">
        <metrics statements="6" coveredstatements="6" conditionals="4" coveredconditionals="4" methods="3" coveredmethods="3"/>
        <file name="index.js" path="/Users/jstewart/Development/wearthisrunning/client/src/components/LocationList/index.js">
          <metrics statements="6" coveredstatements="6" conditionals="4" coveredconditionals="4" methods="3" coveredmethods="3"/>
          <line num="7" count="3" type="cond" truecount="4" falsecount="0"/>
          <line num="8" count="2" type="stmt"/>
          <line num="9" count="4" type="stmt"/>
          <line num="10" count="1" type="stmt"/>
          <line num="15" count="2" type="stmt"/>
          <line num="18" count="3" type="stmt"/>
        </file>
      </package>
      <package name="src.utils">
        <metrics statements="66" coveredstatements="54" conditionals="45" coveredconditionals="41" methods="10" coveredmethods="4"/>
        <file name="Api.js" path="/Users/jstewart/Development/wearthisrunning/client/src/utils/Api.js">
          <metrics statements="13" coveredstatements="1" conditionals="4" coveredconditionals="0" methods="6" coveredmethods="0"/>
          <line num="2" count="0" type="stmt"/>
          <line num="7" count="0" type="stmt"/>
          <line num="12" count="0" type="stmt"/>
          <line num="17" count="0" type="stmt"/>
          <line num="22" count="0" type="cond" truecount="0" falsecount="4"/>
          <line num="23" count="0" type="stmt"/>
          <line num="25" count="0" type="stmt"/>
          <line num="26" count="0" type="stmt"/>
          <line num="27" count="0" type="stmt"/>
          <line num="28" count="0" type="stmt"/>
          <line num="29" count="0" type="stmt"/>
          <line num="33" count="0" type="stmt"/>
          <line num="36" count="1" type="stmt"/>
        </file>
        <file name="getApparel.js" path="/Users/jstewart/Development/wearthisrunning/client/src/utils/getApparel.js">
          <metrics statements="24" coveredstatements="24" conditionals="22" coveredconditionals="22" methods="1" coveredmethods="1"/>
          <line num="6" count="14" type="stmt"/>
          <line num="8" count="14" type="cond" truecount="2" falsecount="0"/>
          <line num="9" count="1" type="stmt"/>
          <line num="10" count="13" type="cond" truecount="2" falsecount="0"/>
          <line num="11" count="2" type="stmt"/>
          <line num="14" count="14" type="cond" truecount="2" falsecount="0"/>
          <line num="15" count="1" type="stmt"/>
          <line num="18" count="14" type="cond" truecount="2" falsecount="0"/>
          <line num="19" count="1" type="stmt"/>
          <line num="20" count="13" type="cond" truecount="2" falsecount="0"/>
          <line num="21" count="2" type="stmt"/>
          <line num="24" count="14" type="cond" truecount="2" falsecount="0"/>
          <line num="25" count="6" type="stmt"/>
          <line num="26" count="8" type="cond" truecount="2" falsecount="0"/>
          <line num="27" count="1" type="stmt"/>
          <line num="28" count="7" type="cond" truecount="2" falsecount="0"/>
          <line num="29" count="1" type="stmt"/>
          <line num="32" count="14" type="cond" truecount="2" falsecount="0"/>
          <line num="33" count="5" type="stmt"/>
          <line num="36" count="14" type="cond" truecount="2" falsecount="0"/>
          <line num="37" count="3" type="stmt"/>
          <line num="38" count="11" type="cond" truecount="2" falsecount="0"/>
          <line num="39" count="5" type="stmt"/>
          <line num="42" count="14" type="stmt"/>
        </file>
        <file name="getConditions.js" path="/Users/jstewart/Development/wearthisrunning/client/src/utils/getConditions.js">
          <metrics statements="21" coveredstatements="21" conditionals="12" coveredconditionals="12" methods="2" coveredmethods="2"/>
          <line num="3" count="8" type="cond" truecount="6" falsecount="0"/>
          <line num="5" count="2" type="stmt"/>
          <line num="6" count="2" type="stmt"/>
          <line num="8" count="1" type="stmt"/>
          <line num="9" count="1" type="stmt"/>
          <line num="11" count="1" type="stmt"/>
          <line num="12" count="1" type="stmt"/>
          <line num="14" count="1" type="stmt"/>
          <line num="15" count="1" type="stmt"/>
          <line num="17" count="1" type="stmt"/>
          <line num="18" count="1" type="stmt"/>
          <line num="20" count="2" type="stmt"/>
          <line num="22" count="8" type="stmt"/>
          <line num="30" count="6" type="stmt"/>
          <line num="32" count="6" type="cond" truecount="2" falsecount="0"/>
          <line num="33" count="1" type="stmt"/>
          <line num="36" count="6" type="cond" truecount="2" falsecount="0"/>
          <line num="37" count="1" type="stmt"/>
          <line num="40" count="6" type="cond" truecount="2" falsecount="0"/>
          <line num="41" count="1" type="stmt"/>
          <line num="44" count="6" type="stmt"/>
        </file>
        <file name="getFeel.js" path="/Users/jstewart/Development/wearthisrunning/client/src/utils/getFeel.js">
          <metrics statements="8" coveredstatements="8" conditionals="7" coveredconditionals="7" methods="1" coveredmethods="1"/>
          <line num="2" count="9" type="cond" truecount="7" falsecount="0"/>
          <line num="4" count="1" type="stmt"/>
          <line num="6" count="1" type="stmt"/>
          <line num="8" count="1" type="stmt"/>
          <line num="10" count="1" type="stmt"/>
          <line num="12" count="1" type="stmt"/>
          <line num="14" count="1" type="stmt"/>
          <line num="16" count="3" type="stmt"/>
        </file>
      </package>
    </metrics>
  </project>
</coverage>
