{"/Users/jstewart/Development/wearthisrunning/client/src/index.js": {"path":"/Users/jstewart/Development/wearthisrunning/client/src/index.js","statementMap":{"0":{"start":{"line":1,"column":58},"end":{"line":1,"column":123}}},"fnMap":{},"branchMap":{},"s":{"0":0},"f":{},"b":{}}
,"/Users/jstewart/Development/wearthisrunning/client/src/components/AddressInput/index.js": {"path":"/Users/jstewart/Development/wearthisrunning/client/src/components/AddressInput/index.js","statementMap":{"0":{"start":{"line":5,"column":2},"end":{"line":12,"column":4}},"1":{"start":{"line":10,"column":23},"end":{"line":10,"column":49}}},"fnMap":{"0":{"name":"AddressInput","decl":{"start":{"line":4,"column":9},"end":{"line":4,"column":21}},"loc":{"start":{"line":4,"column":43},"end":{"line":13,"column":1}},"line":4},"1":{"name":"(anonymous_1)","decl":{"start":{"line":10,"column":16},"end":{"line":10,"column":17}},"loc":{"start":{"line":10,"column":23},"end":{"line":10,"column":49}},"line":10}},"branchMap":{},"s":{"0":4,"1":1},"f":{"0":4,"1":1},"b":{},"_coverageSchema":"332fd63041d2c1bcb487cc26dd0d5f7d97098a6c","hash":"d3d8368ff737ab282a2a0ba41b7d80a62bbb8d28"}
,"/Users/jstewart/Development/wearthisrunning/client/src/components/App/index.js": {"path":"/Users/jstewart/Development/wearthisrunning/client/src/components/App/index.js","statementMap":{"0":{"start":{"line":25,"column":4},"end":{"line":27,"column":7}},"1":{"start":{"line":29,"column":4},"end":{"line":33,"column":7}},"2":{"start":{"line":30,"column":6},"end":{"line":32,"column":9}},"3":{"start":{"line":37,"column":4},"end":{"line":41,"column":7}},"4":{"start":{"line":43,"column":68},"end":{"line":43,"column":76}},"5":{"start":{"line":45,"column":4},"end":{"line":58,"column":7}},"6":{"start":{"line":46,"column":6},"end":{"line":48,"column":9}},"7":{"start":{"line":51,"column":6},"end":{"line":57,"column":7}},"8":{"start":{"line":52,"column":8},"end":{"line":56,"column":11}},"9":{"start":{"line":54,"column":24},"end":{"line":54,"column":66}},"10":{"start":{"line":62,"column":4},"end":{"line":66,"column":7}},"11":{"start":{"line":64,"column":20},"end":{"line":64,"column":50}},"12":{"start":{"line":70,"column":17},"end":{"line":70,"column":45}},"13":{"start":{"line":71,"column":22},"end":{"line":71,"column":35}},"14":{"start":{"line":72,"column":23},"end":{"line":72,"column":57}},"15":{"start":{"line":73,"column":20},"end":{"line":73,"column":51}},"16":{"start":{"line":75,"column":4},"end":{"line":94,"column":6}}},"fnMap":{"0":{"name":"(anonymous_0)","decl":{"start":{"line":24,"column":20},"end":{"line":24,"column":21}},"loc":{"start":{"line":24,"column":31},"end":{"line":34,"column":3}},"line":24},"1":{"name":"(anonymous_1)","decl":{"start":{"line":29,"column":27},"end":{"line":29,"column":28}},"loc":{"start":{"line":29,"column":40},"end":{"line":33,"column":5}},"line":29},"2":{"name":"(anonymous_2)","decl":{"start":{"line":36,"column":20},"end":{"line":36,"column":21}},"loc":{"start":{"line":36,"column":32},"end":{"line":59,"column":3}},"line":36},"3":{"name":"(anonymous_3)","decl":{"start":{"line":45,"column":41},"end":{"line":45,"column":42}},"loc":{"start":{"line":45,"column":54},"end":{"line":58,"column":5}},"line":45},"4":{"name":"(anonymous_4)","decl":{"start":{"line":54,"column":12},"end":{"line":54,"column":13}},"loc":{"start":{"line":54,"column":24},"end":{"line":54,"column":66}},"line":54},"5":{"name":"(anonymous_5)","decl":{"start":{"line":61,"column":21},"end":{"line":61,"column":22}},"loc":{"start":{"line":61,"column":37},"end":{"line":67,"column":3}},"line":61},"6":{"name":"(anonymous_6)","decl":{"start":{"line":64,"column":8},"end":{"line":64,"column":9}},"loc":{"start":{"line":64,"column":20},"end":{"line":64,"column":50}},"line":64},"7":{"name":"(anonymous_7)","decl":{"start":{"line":69,"column":2},"end":{"line":69,"column":3}},"loc":{"start":{"line":69,"column":11},"end":{"line":95,"column":3}},"line":69}},"branchMap":{"0":{"loc":{"start":{"line":51,"column":6},"end":{"line":57,"column":7}},"type":"if","locations":[{"start":{"line":51,"column":6},"end":{"line":57,"column":7}},{"start":{"line":51,"column":6},"end":{"line":57,"column":7}}],"line":51},"1":{"loc":{"start":{"line":53,"column":20},"end":{"line":55,"column":17}},"type":"binary-expr","locations":[{"start":{"line":53,"column":20},"end":{"line":55,"column":11}},{"start":{"line":55,"column":15},"end":{"line":55,"column":17}}],"line":53}},"s":{"0":0,"1":0,"2":0,"3":0,"4":0,"5":0,"6":0,"7":0,"8":0,"9":0,"10":0,"11":0,"12":1,"13":1,"14":1,"15":1,"16":1},"f":{"0":0,"1":0,"2":0,"3":0,"4":0,"5":0,"6":0,"7":1},"b":{"0":[0,0],"1":[0,0]},"_coverageSchema":"332fd63041d2c1bcb487cc26dd0d5f7d97098a6c","hash":"cff79010727f9ff73474af8ade913075099fb9a1"}
,"/Users/jstewart/Development/wearthisrunning/client/src/components/ApparelList/index.js": {"path":"/Users/jstewart/Development/wearthisrunning/client/src/components/ApparelList/index.js","statementMap":{"0":{"start":{"line":6,"column":2},"end":{"line":10,"column":3}},"1":{"start":{"line":7,"column":4},"end":{"line":9,"column":7}},"2":{"start":{"line":8,"column":6},"end":{"line":8,"column":37}},"3":{"start":{"line":12,"column":2},"end":{"line":16,"column":4}}},"fnMap":{"0":{"name":"ApparelList","decl":{"start":{"line":4,"column":9},"end":{"line":4,"column":20}},"loc":{"start":{"line":4,"column":32},"end":{"line":17,"column":1}},"line":4},"1":{"name":"(anonymous_1)","decl":{"start":{"line":7,"column":30},"end":{"line":7,"column":31}},"loc":{"start":{"line":8,"column":6},"end":{"line":8,"column":37}},"line":8}},"branchMap":{"0":{"loc":{"start":{"line":6,"column":2},"end":{"line":10,"column":3}},"type":"if","locations":[{"start":{"line":6,"column":2},"end":{"line":10,"column":3}},{"start":{"line":6,"column":2},"end":{"line":10,"column":3}}],"line":6}},"s":{"0":2,"1":1,"2":3,"3":2},"f":{"0":2,"1":3},"b":{"0":[1,1]},"_coverageSchema":"332fd63041d2c1bcb487cc26dd0d5f7d97098a6c","hash":"21c84de2fe4fec072c0c769c796941036a771b7f"}
,"/Users/jstewart/Development/wearthisrunning/client/src/components/ConditionList/index.js": {"path":"/Users/jstewart/Development/wearthisrunning/client/src/components/ConditionList/index.js","statementMap":{"0":{"start":{"line":6,"column":2},"end":{"line":10,"column":3}},"1":{"start":{"line":7,"column":4},"end":{"line":9,"column":7}},"2":{"start":{"line":8,"column":6},"end":{"line":8,"column":54}},"3":{"start":{"line":12,"column":2},"end":{"line":16,"column":4}}},"fnMap":{"0":{"name":"ConditionList","decl":{"start":{"line":4,"column":9},"end":{"line":4,"column":22}},"loc":{"start":{"line":4,"column":37},"end":{"line":17,"column":1}},"line":4},"1":{"name":"(anonymous_1)","decl":{"start":{"line":7,"column":36},"end":{"line":7,"column":37}},"loc":{"start":{"line":8,"column":6},"end":{"line":8,"column":54}},"line":8}},"branchMap":{"0":{"loc":{"start":{"line":6,"column":2},"end":{"line":10,"column":3}},"type":"if","locations":[{"start":{"line":6,"column":2},"end":{"line":10,"column":3}},{"start":{"line":6,"column":2},"end":{"line":10,"column":3}}],"line":6}},"s":{"0":2,"1":1,"2":3,"3":2},"f":{"0":2,"1":3},"b":{"0":[1,1]},"_coverageSchema":"332fd63041d2c1bcb487cc26dd0d5f7d97098a6c","hash":"b4f9bcec39b488c69b926e83bd9fdc53d0d71340"}
,"/Users/jstewart/Development/wearthisrunning/client/src/components/ForecastSelect/index.js": {"path":"/Users/jstewart/Development/wearthisrunning/client/src/components/ForecastSelect/index.js","statementMap":{"0":{"start":{"line":7,"column":2},"end":{"line":19,"column":3}},"1":{"start":{"line":8,"column":4},"end":{"line":10,"column":7}},"2":{"start":{"line":9,"column":6},"end":{"line":9,"column":80}},"3":{"start":{"line":11,"column":4},"end":{"line":18,"column":6}},"4":{"start":{"line":14,"column":25},"end":{"line":14,"column":65}},"5":{"start":{"line":21,"column":2},"end":{"line":21,"column":56}}},"fnMap":{"0":{"name":"ForecastSelect","decl":{"start":{"line":4,"column":9},"end":{"line":4,"column":23}},"loc":{"start":{"line":4,"column":47},"end":{"line":22,"column":1}},"line":4},"1":{"name":"(anonymous_1)","decl":{"start":{"line":8,"column":28},"end":{"line":8,"column":29}},"loc":{"start":{"line":9,"column":6},"end":{"line":9,"column":80}},"line":9},"2":{"name":"(anonymous_2)","decl":{"start":{"line":14,"column":18},"end":{"line":14,"column":19}},"loc":{"start":{"line":14,"column":25},"end":{"line":14,"column":65}},"line":14}},"branchMap":{"0":{"loc":{"start":{"line":7,"column":2},"end":{"line":19,"column":3}},"type":"if","locations":[{"start":{"line":7,"column":2},"end":{"line":19,"column":3}},{"start":{"line":7,"column":2},"end":{"line":19,"column":3}}],"line":7},"1":{"loc":{"start":{"line":7,"column":6},"end":{"line":7,"column":39}},"type":"binary-expr","locations":[{"start":{"line":7,"column":6},"end":{"line":7,"column":15}},{"start":{"line":7,"column":19},"end":{"line":7,"column":39}}],"line":7}},"s":{"0":4,"1":2,"2":6,"3":2,"4":1,"5":4},"f":{"0":4,"1":6,"2":1},"b":{"0":[2,2],"1":[4,2]},"_coverageSchema":"332fd63041d2c1bcb487cc26dd0d5f7d97098a6c","hash":"3481634505197b6d029bb6f7a8cb48b4992c0a29"}
,"/Users/jstewart/Development/wearthisrunning/client/src/components/LocationList/index.js": {"path":"/Users/jstewart/Development/wearthisrunning/client/src/components/LocationList/index.js","statementMap":{"0":{"start":{"line":7,"column":2},"end":{"line":16,"column":3}},"1":{"start":{"line":8,"column":4},"end":{"line":14,"column":7}},"2":{"start":{"line":9,"column":6},"end":{"line":13,"column":11}},"3":{"start":{"line":10,"column":50},"end":{"line":10,"column":67}},"4":{"start":{"line":15,"column":4},"end":{"line":15,"column":67}},"5":{"start":{"line":18,"column":2},"end":{"line":22,"column":4}}},"fnMap":{"0":{"name":"LocationList","decl":{"start":{"line":4,"column":9},"end":{"line":4,"column":21}},"loc":{"start":{"line":4,"column":44},"end":{"line":23,"column":1}},"line":4},"1":{"name":"(anonymous_1)","decl":{"start":{"line":8,"column":38},"end":{"line":8,"column":39}},"loc":{"start":{"line":9,"column":6},"end":{"line":13,"column":11}},"line":9},"2":{"name":"(anonymous_2)","decl":{"start":{"line":10,"column":44},"end":{"line":10,"column":45}},"loc":{"start":{"line":10,"column":50},"end":{"line":10,"column":67}},"line":10}},"branchMap":{"0":{"loc":{"start":{"line":7,"column":2},"end":{"line":16,"column":3}},"type":"if","locations":[{"start":{"line":7,"column":2},"end":{"line":16,"column":3}},{"start":{"line":7,"column":2},"end":{"line":16,"column":3}}],"line":7},"1":{"loc":{"start":{"line":7,"column":6},"end":{"line":7,"column":39}},"type":"binary-expr","locations":[{"start":{"line":7,"column":6},"end":{"line":7,"column":15}},{"start":{"line":7,"column":19},"end":{"line":7,"column":39}}],"line":7}},"s":{"0":3,"1":2,"2":4,"3":1,"4":2,"5":3},"f":{"0":3,"1":4,"2":1},"b":{"0":[2,1],"1":[3,2]},"_coverageSchema":"332fd63041d2c1bcb487cc26dd0d5f7d97098a6c","hash":"7d2479178648f0279e9ad07b9cf85efcc0618998"}
,"/Users/jstewart/Development/wearthisrunning/client/src/utils/Api.js": {"path":"/Users/jstewart/Development/wearthisrunning/client/src/utils/Api.js","statementMap":{"0":{"start":{"line":2,"column":2},"end":{"line":8,"column":20}},"1":{"start":{"line":7,"column":18},"end":{"line":7,"column":30}},"2":{"start":{"line":12,"column":2},"end":{"line":18,"column":20}},"3":{"start":{"line":17,"column":18},"end":{"line":17,"column":34}},"4":{"start":{"line":22,"column":2},"end":{"line":24,"column":3}},"5":{"start":{"line":23,"column":4},"end":{"line":23,"column":20}},"6":{"start":{"line":25,"column":16},"end":{"line":25,"column":62}},"7":{"start":{"line":26,"column":2},"end":{"line":26,"column":37}},"8":{"start":{"line":27,"column":2},"end":{"line":27,"column":28}},"9":{"start":{"line":28,"column":2},"end":{"line":28,"column":21}},"10":{"start":{"line":29,"column":2},"end":{"line":29,"column":14}},"11":{"start":{"line":33,"column":2},"end":{"line":33,"column":25}},"12":{"start":{"line":36,"column":12},"end":{"line":36,"column":34}}},"fnMap":{"0":{"name":"locations","decl":{"start":{"line":1,"column":9},"end":{"line":1,"column":18}},"loc":{"start":{"line":1,"column":38},"end":{"line":9,"column":1}},"line":1},"1":{"name":"(anonymous_1)","decl":{"start":{"line":7,"column":10},"end":{"line":7,"column":11}},"loc":{"start":{"line":7,"column":18},"end":{"line":7,"column":30}},"line":7},"2":{"name":"forecasts","decl":{"start":{"line":11,"column":9},"end":{"line":11,"column":18}},"loc":{"start":{"line":11,"column":52},"end":{"line":19,"column":1}},"line":11},"3":{"name":"(anonymous_3)","decl":{"start":{"line":17,"column":10},"end":{"line":17,"column":11}},"loc":{"start":{"line":17,"column":18},"end":{"line":17,"column":34}},"line":17},"4":{"name":"checkStatus","decl":{"start":{"line":21,"column":9},"end":{"line":21,"column":20}},"loc":{"start":{"line":21,"column":31},"end":{"line":30,"column":1}},"line":21},"5":{"name":"parseJSON","decl":{"start":{"line":32,"column":9},"end":{"line":32,"column":18}},"loc":{"start":{"line":32,"column":29},"end":{"line":34,"column":1}},"line":32}},"branchMap":{"0":{"loc":{"start":{"line":22,"column":2},"end":{"line":24,"column":3}},"type":"if","locations":[{"start":{"line":22,"column":2},"end":{"line":24,"column":3}},{"start":{"line":22,"column":2},"end":{"line":24,"column":3}}],"line":22},"1":{"loc":{"start":{"line":22,"column":6},"end":{"line":22,"column":53}},"type":"binary-expr","locations":[{"start":{"line":22,"column":6},"end":{"line":22,"column":28}},{"start":{"line":22,"column":32},"end":{"line":22,"column":53}}],"line":22}},"s":{"0":0,"1":0,"2":0,"3":0,"4":0,"5":0,"6":0,"7":0,"8":0,"9":0,"10":0,"11":0,"12":1},"f":{"0":0,"1":0,"2":0,"3":0,"4":0,"5":0},"b":{"0":[0,0],"1":[0,0]},"_coverageSchema":"332fd63041d2c1bcb487cc26dd0d5f7d97098a6c","hash":"6851bfda0b260dda6127b888f8a50f0182157df1"}
,"/Users/jstewart/Development/wearthisrunning/client/src/utils/getApparel.js": {"path":"/Users/jstewart/Development/wearthisrunning/client/src/utils/getApparel.js","statementMap":{"0":{"start":{"line":6,"column":18},"end":{"line":6,"column":20}},"1":{"start":{"line":8,"column":2},"end":{"line":12,"column":3}},"2":{"start":{"line":9,"column":4},"end":{"line":9,"column":24}},"3":{"start":{"line":10,"column":9},"end":{"line":12,"column":3}},"4":{"start":{"line":11,"column":4},"end":{"line":11,"column":31}},"5":{"start":{"line":14,"column":2},"end":{"line":16,"column":3}},"6":{"start":{"line":15,"column":4},"end":{"line":15,"column":31}},"7":{"start":{"line":18,"column":2},"end":{"line":22,"column":3}},"8":{"start":{"line":19,"column":4},"end":{"line":19,"column":33}},"9":{"start":{"line":20,"column":9},"end":{"line":22,"column":3}},"10":{"start":{"line":21,"column":4},"end":{"line":21,"column":33}},"11":{"start":{"line":24,"column":2},"end":{"line":30,"column":3}},"12":{"start":{"line":25,"column":4},"end":{"line":25,"column":38}},"13":{"start":{"line":26,"column":9},"end":{"line":30,"column":3}},"14":{"start":{"line":27,"column":4},"end":{"line":27,"column":39}},"15":{"start":{"line":28,"column":9},"end":{"line":30,"column":3}},"16":{"start":{"line":29,"column":4},"end":{"line":29,"column":28}},"17":{"start":{"line":32,"column":2},"end":{"line":34,"column":3}},"18":{"start":{"line":33,"column":4},"end":{"line":33,"column":27}},"19":{"start":{"line":36,"column":2},"end":{"line":40,"column":3}},"20":{"start":{"line":37,"column":4},"end":{"line":37,"column":27}},"21":{"start":{"line":38,"column":9},"end":{"line":40,"column":3}},"22":{"start":{"line":39,"column":4},"end":{"line":39,"column":27}},"23":{"start":{"line":42,"column":2},"end":{"line":42,"column":17}}},"fnMap":{"0":{"name":"getApparel","decl":{"start":{"line":1,"column":24},"end":{"line":1,"column":34}},"loc":{"start":{"line":5,"column":3},"end":{"line":43,"column":1}},"line":5}},"branchMap":{"0":{"loc":{"start":{"line":8,"column":2},"end":{"line":12,"column":3}},"type":"if","locations":[{"start":{"line":8,"column":2},"end":{"line":12,"column":3}},{"start":{"line":8,"column":2},"end":{"line":12,"column":3}}],"line":8},"1":{"loc":{"start":{"line":10,"column":9},"end":{"line":12,"column":3}},"type":"if","locations":[{"start":{"line":10,"column":9},"end":{"line":12,"column":3}},{"start":{"line":10,"column":9},"end":{"line":12,"column":3}}],"line":10},"2":{"loc":{"start":{"line":14,"column":2},"end":{"line":16,"column":3}},"type":"if","locations":[{"start":{"line":14,"column":2},"end":{"line":16,"column":3}},{"start":{"line":14,"column":2},"end":{"line":16,"column":3}}],"line":14},"3":{"loc":{"start":{"line":18,"column":2},"end":{"line":22,"column":3}},"type":"if","locations":[{"start":{"line":18,"column":2},"end":{"line":22,"column":3}},{"start":{"line":18,"column":2},"end":{"line":22,"column":3}}],"line":18},"4":{"loc":{"start":{"line":20,"column":9},"end":{"line":22,"column":3}},"type":"if","locations":[{"start":{"line":20,"column":9},"end":{"line":22,"column":3}},{"start":{"line":20,"column":9},"end":{"line":22,"column":3}}],"line":20},"5":{"loc":{"start":{"line":24,"column":2},"end":{"line":30,"column":3}},"type":"if","locations":[{"start":{"line":24,"column":2},"end":{"line":30,"column":3}},{"start":{"line":24,"column":2},"end":{"line":30,"column":3}}],"line":24},"6":{"loc":{"start":{"line":26,"column":9},"end":{"line":30,"column":3}},"type":"if","locations":[{"start":{"line":26,"column":9},"end":{"line":30,"column":3}},{"start":{"line":26,"column":9},"end":{"line":30,"column":3}}],"line":26},"7":{"loc":{"start":{"line":28,"column":9},"end":{"line":30,"column":3}},"type":"if","locations":[{"start":{"line":28,"column":9},"end":{"line":30,"column":3}},{"start":{"line":28,"column":9},"end":{"line":30,"column":3}}],"line":28},"8":{"loc":{"start":{"line":32,"column":2},"end":{"line":34,"column":3}},"type":"if","locations":[{"start":{"line":32,"column":2},"end":{"line":34,"column":3}},{"start":{"line":32,"column":2},"end":{"line":34,"column":3}}],"line":32},"9":{"loc":{"start":{"line":36,"column":2},"end":{"line":40,"column":3}},"type":"if","locations":[{"start":{"line":36,"column":2},"end":{"line":40,"column":3}},{"start":{"line":36,"column":2},"end":{"line":40,"column":3}}],"line":36},"10":{"loc":{"start":{"line":38,"column":9},"end":{"line":40,"column":3}},"type":"if","locations":[{"start":{"line":38,"column":9},"end":{"line":40,"column":3}},{"start":{"line":38,"column":9},"end":{"line":40,"column":3}}],"line":38}},"s":{"0":13,"1":13,"2":1,"3":12,"4":2,"5":13,"6":1,"7":13,"8":1,"9":12,"10":2,"11":13,"12":6,"13":7,"14":1,"15":6,"16":1,"17":13,"18":5,"19":13,"20":3,"21":10,"22":5,"23":13},"f":{"0":13},"b":{"0":[1,12],"1":[2,10],"2":[1,12],"3":[1,12],"4":[2,10],"5":[6,7],"6":[1,6],"7":[1,5],"8":[5,8],"9":[3,10],"10":[5,5]},"_coverageSchema":"332fd63041d2c1bcb487cc26dd0d5f7d97098a6c","hash":"cc71b0627be81492f09d6e73e0157a152ec1219a"}
,"/Users/jstewart/Development/wearthisrunning/client/src/utils/getConditions.js": {"path":"/Users/jstewart/Development/wearthisrunning/client/src/utils/getConditions.js","statementMap":{"0":{"start":{"line":3,"column":2},"end":{"line":21,"column":3}},"1":{"start":{"line":5,"column":6},"end":{"line":5,"column":27}},"2":{"start":{"line":6,"column":6},"end":{"line":6,"column":12}},"3":{"start":{"line":8,"column":6},"end":{"line":8,"column":35}},"4":{"start":{"line":9,"column":6},"end":{"line":9,"column":12}},"5":{"start":{"line":11,"column":6},"end":{"line":11,"column":36}},"6":{"start":{"line":12,"column":6},"end":{"line":12,"column":12}},"7":{"start":{"line":14,"column":6},"end":{"line":14,"column":29}},"8":{"start":{"line":15,"column":6},"end":{"line":15,"column":12}},"9":{"start":{"line":17,"column":6},"end":{"line":17,"column":36}},"10":{"start":{"line":18,"column":6},"end":{"line":18,"column":12}},"11":{"start":{"line":20,"column":6},"end":{"line":20,"column":32}},"12":{"start":{"line":22,"column":2},"end":{"line":22,"column":21}},"13":{"start":{"line":30,"column":21},"end":{"line":30,"column":23}},"14":{"start":{"line":32,"column":2},"end":{"line":34,"column":3}},"15":{"start":{"line":33,"column":4},"end":{"line":33,"column":61}},"16":{"start":{"line":36,"column":2},"end":{"line":38,"column":3}},"17":{"start":{"line":37,"column":4},"end":{"line":37,"column":29}},"18":{"start":{"line":40,"column":2},"end":{"line":42,"column":3}},"19":{"start":{"line":41,"column":4},"end":{"line":41,"column":53}},"20":{"start":{"line":44,"column":2},"end":{"line":44,"column":20}}},"fnMap":{"0":{"name":"windDescription","decl":{"start":{"line":1,"column":9},"end":{"line":1,"column":24}},"loc":{"start":{"line":1,"column":36},"end":{"line":23,"column":1}},"line":1},"1":{"name":"getConditions","decl":{"start":{"line":25,"column":24},"end":{"line":25,"column":37}},"loc":{"start":{"line":29,"column":3},"end":{"line":45,"column":1}},"line":29}},"branchMap":{"0":{"loc":{"start":{"line":3,"column":2},"end":{"line":21,"column":3}},"type":"switch","locations":[{"start":{"line":4,"column":4},"end":{"line":6,"column":12}},{"start":{"line":7,"column":4},"end":{"line":9,"column":12}},{"start":{"line":10,"column":4},"end":{"line":12,"column":12}},{"start":{"line":13,"column":4},"end":{"line":15,"column":12}},{"start":{"line":16,"column":4},"end":{"line":18,"column":12}},{"start":{"line":19,"column":4},"end":{"line":20,"column":32}}],"line":3},"1":{"loc":{"start":{"line":32,"column":2},"end":{"line":34,"column":3}},"type":"if","locations":[{"start":{"line":32,"column":2},"end":{"line":34,"column":3}},{"start":{"line":32,"column":2},"end":{"line":34,"column":3}}],"line":32},"2":{"loc":{"start":{"line":36,"column":2},"end":{"line":38,"column":3}},"type":"if","locations":[{"start":{"line":36,"column":2},"end":{"line":38,"column":3}},{"start":{"line":36,"column":2},"end":{"line":38,"column":3}}],"line":36},"3":{"loc":{"start":{"line":40,"column":2},"end":{"line":42,"column":3}},"type":"if","locations":[{"start":{"line":40,"column":2},"end":{"line":42,"column":3}},{"start":{"line":40,"column":2},"end":{"line":42,"column":3}}],"line":40}},"s":{"0":8,"1":2,"2":2,"3":1,"4":1,"5":1,"6":1,"7":1,"8":1,"9":1,"10":1,"11":2,"12":8,"13":5,"14":5,"15":1,"16":5,"17":1,"18":5,"19":1,"20":5},"f":{"0":8,"1":5},"b":{"0":[2,1,1,1,1,2],"1":[1,4],"2":[1,4],"3":[1,4]},"_coverageSchema":"332fd63041d2c1bcb487cc26dd0d5f7d97098a6c","hash":"f553c6755561d0d29205a89667d96f7984542ceb"}
,"/Users/jstewart/Development/wearthisrunning/client/src/utils/getFeel.js": {"path":"/Users/jstewart/Development/wearthisrunning/client/src/utils/getFeel.js","statementMap":{"0":{"start":{"line":2,"column":2},"end":{"line":17,"column":3}},"1":{"start":{"line":4,"column":6},"end":{"line":4,"column":19}},"2":{"start":{"line":6,"column":6},"end":{"line":6,"column":20}},"3":{"start":{"line":8,"column":6},"end":{"line":8,"column":20}},"4":{"start":{"line":10,"column":6},"end":{"line":10,"column":22}},"5":{"start":{"line":12,"column":6},"end":{"line":12,"column":20}},"6":{"start":{"line":14,"column":6},"end":{"line":14,"column":22}},"7":{"start":{"line":16,"column":6},"end":{"line":16,"column":23}}},"fnMap":{"0":{"name":"getFeel","decl":{"start":{"line":1,"column":24},"end":{"line":1,"column":31}},"loc":{"start":{"line":1,"column":55},"end":{"line":18,"column":1}},"line":1}},"branchMap":{"0":{"loc":{"start":{"line":2,"column":2},"end":{"line":17,"column":3}},"type":"switch","locations":[{"start":{"line":3,"column":4},"end":{"line":4,"column":19}},{"start":{"line":5,"column":4},"end":{"line":6,"column":20}},{"start":{"line":7,"column":4},"end":{"line":8,"column":20}},{"start":{"line":9,"column":4},"end":{"line":10,"column":22}},{"start":{"line":11,"column":4},"end":{"line":12,"column":20}},{"start":{"line":13,"column":4},"end":{"line":14,"column":22}},{"start":{"line":15,"column":4},"end":{"line":16,"column":23}}],"line":2}},"s":{"0":8,"1":1,"2":1,"3":1,"4":1,"5":1,"6":1,"7":2},"f":{"0":8},"b":{"0":[1,1,1,1,1,1,2]},"_coverageSchema":"332fd63041d2c1bcb487cc26dd0d5f7d97098a6c","hash":"faac34b3c864f3b50683773790fcd9aaa86a9304"}
}
