TN:
SF:/Users/jstewart/Development/wearthisrunning/client/src/index.js
FN:4,_interopRequireDefault
FNF:1
FNH:0
FNDA:0,_interopRequireDefault
DA:1,0
DA:2,0
DA:3,0
DA:4,0
DA:6,0
LF:5
LH:0
BRDA:4,0,0,0
BRDA:4,0,1,0
BRDA:4,1,0,0
BRDA:4,1,1,0
BRF:4
BRH:0
end_of_record
TN:
SF:/Users/jstewart/Development/wearthisrunning/client/src/components/AddressInput/index.js
FN:4,AddressInput
FN:10,(anonymous_1)
FNF:2
FNH:2
FNDA:4,AddressInput
FNDA:1,(anonymous_1)
DA:5,4
DA:10,1
LF:2
LH:2
BRF:0
BRH:0
end_of_record
TN:
SF:/Users/jstewart/Development/wearthisrunning/client/src/components/App/index.js
FN:24,(anonymous_0)
FN:29,(anonymous_1)
FN:36,(anonymous_2)
FN:44,(anonymous_3)
FN:53,(anonymous_4)
FN:67,(anonymous_5)
FN:70,(anonymous_6)
FN:75,(anonymous_7)
FNF:8
FNH:1
FNDA:0,(anonymous_0)
FNDA:0,(anonymous_1)
FNDA:0,(anonymous_2)
FNDA:0,(anonymous_3)
FNDA:0,(anonymous_4)
FNDA:0,(anonymous_5)
FNDA:0,(anonymous_6)
FNDA:2,(anonymous_7)
DA:25,0
DA:29,0
DA:30,0
DA:37,0
DA:43,0
DA:44,0
DA:45,0
DA:50,0
DA:51,0
DA:53,0
DA:59,0
DA:60,0
DA:68,0
DA:70,0
DA:76,2
DA:77,2
DA:78,2
DA:79,2
DA:81,2
LF:19
LH:5
BRDA:50,0,0,0
BRDA:50,0,1,0
BRDA:52,1,0,0
BRDA:52,1,1,0
BRDA:59,2,0,0
BRDA:59,2,1,0
BRF:6
BRH:0
end_of_record
TN:
SF:/Users/jstewart/Development/wearthisrunning/client/src/components/ApparelList/index.js
FN:4,ApparelList
FN:7,(anonymous_1)
FNF:2
FNH:2
FNDA:2,ApparelList
FNDA:3,(anonymous_1)
DA:6,2
DA:7,1
DA:8,3
DA:12,2
LF:4
LH:4
BRDA:6,0,0,1
BRDA:6,0,1,1
BRF:2
BRH:2
end_of_record
TN:
SF:/Users/jstewart/Development/wearthisrunning/client/src/components/ConditionList/index.js
FN:4,ConditionList
FN:7,(anonymous_1)
FNF:2
FNH:2
FNDA:2,ConditionList
FNDA:3,(anonymous_1)
DA:6,2
DA:7,1
DA:8,3
DA:12,2
LF:4
LH:4
BRDA:6,0,0,1
BRDA:6,0,1,1
BRF:2
BRH:2
end_of_record
TN:
SF:/Users/jstewart/Development/wearthisrunning/client/src/components/ForecastSelect/index.js
FN:7,ForecastSelect
FN:8,formatTime
FN:23,(anonymous_2)
FN:31,(anonymous_3)
FNF:4
FNH:4
FNDA:4,ForecastSelect
FNDA:6,formatTime
FNDA:6,(anonymous_2)
FNDA:1,(anonymous_3)
DA:9,6
DA:10,6
DA:11,6
DA:12,1
DA:14,5
DA:15,1
DA:17,4
DA:22,4
DA:23,2
DA:24,6
DA:28,2
DA:31,1
DA:38,4
LF:13
LH:13
BRDA:11,0,0,1
BRDA:11,0,1,5
BRDA:14,1,0,1
BRDA:14,1,1,4
BRDA:22,2,0,2
BRDA:22,2,1,2
BRDA:22,3,0,4
BRDA:22,3,1,2
BRF:8
BRH:8
end_of_record
TN:
SF:/Users/jstewart/Development/wearthisrunning/client/src/components/LocationList/index.js
FN:4,LocationList
FN:8,(anonymous_1)
FN:10,(anonymous_2)
FNF:3
FNH:3
FNDA:3,LocationList
FNDA:4,(anonymous_1)
FNDA:1,(anonymous_2)
DA:7,3
DA:8,2
DA:9,4
DA:10,1
DA:15,2
DA:18,3
LF:6
LH:6
BRDA:7,0,0,2
BRDA:7,0,1,1
BRDA:7,1,0,3
BRDA:7,1,1,2
BRF:4
BRH:4
end_of_record
TN:
SF:/Users/jstewart/Development/wearthisrunning/client/src/utils/Api.js
FN:1,locations
FN:7,(anonymous_1)
FN:11,forecasts
FN:17,(anonymous_3)
FN:21,checkStatus
FN:32,parseJSON
FNF:6
FNH:0
FNDA:0,locations
FNDA:0,(anonymous_1)
FNDA:0,forecasts
FNDA:0,(anonymous_3)
FNDA:0,checkStatus
FNDA:0,parseJSON
DA:2,0
DA:7,0
DA:12,0
DA:17,0
DA:22,0
DA:23,0
DA:25,0
DA:26,0
DA:27,0
DA:28,0
DA:29,0
DA:33,0
DA:36,1
LF:13
LH:1
BRDA:22,0,0,0
BRDA:22,0,1,0
BRDA:22,1,0,0
BRDA:22,1,1,0
BRF:4
BRH:0
end_of_record
TN:
SF:/Users/jstewart/Development/wearthisrunning/client/src/utils/getApparel.js
FN:1,getApparel
FNF:1
FNH:1
FNDA:14,getApparel
DA:6,14
DA:8,14
DA:9,1
DA:10,13
DA:11,2
DA:14,14
DA:15,1
DA:18,14
DA:19,1
DA:20,13
DA:21,2
DA:24,14
DA:25,6
DA:26,8
DA:27,1
DA:28,7
DA:29,1
DA:32,14
DA:33,5
DA:36,14
DA:37,3
DA:38,11
DA:39,5
DA:42,14
LF:24
LH:24
BRDA:8,0,0,1
BRDA:8,0,1,13
BRDA:10,1,0,2
BRDA:10,1,1,11
BRDA:14,2,0,1
BRDA:14,2,1,13
BRDA:18,3,0,1
BRDA:18,3,1,13
BRDA:20,4,0,2
BRDA:20,4,1,11
BRDA:24,5,0,6
BRDA:24,5,1,8
BRDA:26,6,0,1
BRDA:26,6,1,7
BRDA:28,7,0,1
BRDA:28,7,1,6
BRDA:32,8,0,5
BRDA:32,8,1,9
BRDA:36,9,0,3
BRDA:36,9,1,11
BRDA:38,10,0,5
BRDA:38,10,1,6
BRF:22
BRH:22
end_of_record
TN:
SF:/Users/jstewart/Development/wearthisrunning/client/src/utils/getConditions.js
FN:1,windDescription
FN:25,getConditions
FNF:2
FNH:2
FNDA:8,windDescription
FNDA:6,getConditions
DA:3,8
DA:5,2
DA:6,2
DA:8,1
DA:9,1
DA:11,1
DA:12,1
DA:14,1
DA:15,1
DA:17,1
DA:18,1
DA:20,2
DA:22,8
DA:30,6
DA:32,6
DA:33,1
DA:36,6
DA:37,1
DA:40,6
DA:41,1
DA:44,6
LF:21
LH:21
BRDA:3,0,0,2
BRDA:3,0,1,1
BRDA:3,0,2,1
BRDA:3,0,3,1
BRDA:3,0,4,1
BRDA:3,0,5,2
BRDA:32,1,0,1
BRDA:32,1,1,5
BRDA:36,2,0,1
BRDA:36,2,1,5
BRDA:40,3,0,1
BRDA:40,3,1,5
BRF:12
BRH:12
end_of_record
TN:
SF:/Users/jstewart/Development/wearthisrunning/client/src/utils/getFeel.js
FN:1,getFeel
FNF:1
FNH:1
FNDA:9,getFeel
DA:2,9
DA:4,1
DA:6,1
DA:8,1
DA:10,1
DA:12,1
DA:14,1
DA:16,3
LF:8
LH:8
BRDA:2,0,0,1
BRDA:2,0,1,1
BRDA:2,0,2,1
BRDA:2,0,3,1
BRDA:2,0,4,1
BRDA:2,0,5,1
BRDA:2,0,6,3
BRF:7
BRH:7
end_of_record
